<?xml version="1.0" encoding="UTF-8"?>
<!-- Generated by org.testng.reporters.JUnitReportReporter -->
<testsuite hostname="AJ" failures="0" tests="2" name="com.planitautomation.contact.test.Contact" time="11.481" errors="0" timestamp="2021-09-05T10:03:04 AEST" skipped="0">
  <testcase classname="com.planitautomation.contact.test.Contact" name="validate_Contact_Error_Messages" time="6.576"/>
  <system-out/>
  <testcase classname="com.planitautomation.contact.test.Contact" name="verify_Contact_Success" time="4.905"/>
  <system-out/>
</testsuite> <!-- com.planitautomation.contact.test.Contact -->
