<?xml version="1.0" encoding="UTF-8"?>
<!-- Generated by org.testng.reporters.JUnitReportReporter -->
<testsuite hostname="AJ" failures="0" tests="6" name="com.planitautomation.contact.test.Contact" time="142.612" errors="0" timestamp="2021-09-04T17:54:29 AEST" skipped="0">
  <testcase classname="com.planitautomation.contact.test.Contact" name="verify_Contact_Error_Validation" time="38.801"/>
  <system-out/>
  <testcase classname="com.planitautomation.contact.test.Contact" name="verify_Contact_Success_Validation" time="2.882"/>
  <system-out/>
  <testcase classname="com.planitautomation.contact.test.Contact" name="verify_Contact_Success_Validation" time="56.419"/>
  <system-out/>
  <testcase classname="com.planitautomation.contact.test.Contact" name="verify_Contact_Success_Validation" time="9.702"/>
  <system-out/>
  <testcase classname="com.planitautomation.contact.test.Contact" name="verify_Contact_Success_Validation" time="16.745"/>
  <system-out/>
  <testcase classname="com.planitautomation.contact.test.Contact" name="verify_Contact_Success_Validation" time="18.063"/>
  <system-out/>
</testsuite> <!-- com.planitautomation.contact.test.Contact -->
