<?xml version="1.0" encoding="UTF-8"?>
<!-- Generated by org.testng.reporters.JUnitReportReporter -->
<testsuite hostname="AJ" failures="0" tests="2" name="com.planitautomation.cart.test.Cart" time="26.759" errors="0" timestamp="2021-09-05T10:03:04 AEST" skipped="0">
  <testcase classname="com.planitautomation.cart.test.Cart" name="verify_Items_In_Cart" time="15.816"/>
  <system-out/>
  <testcase classname="com.planitautomation.cart.test.Cart" name="Validate_Total_In_Cart_Page" time="10.943"/>
  <system-out/>
</testsuite> <!-- com.planitautomation.cart.test.Cart -->
